DEBUG:root:x,y,area_p,Ax,Ay
DEBUG:root:521,366,95,-16,-33
DEBUG:root:691,367,56,-59,60
DEBUG:root:743,399,43,-59,60
DEBUG:root:689,368,56,-59,60
DEBUG:root:630,355,66,40,60
DEBUG:root:525,360,84,28,-2
DEBUG:root:527,359,80,35,9
DEBUG:root:527,360,80,30,2
DEBUG:root:522,342,93,59,58
DEBUG:root:492,296,97,59,60
DEBUG:root:485,222,63,59,60
DEBUG:root:481,213,61,59,60
DEBUG:root:486,209,63,59,60
DEBUG:root:489,202,56,59,60
DEBUG:root:125,362,27,60,6
DEBUG:root:327,366,47,60,-58
DEBUG:root:631,365,39,44,60
DEBUG:root:820,363,29,-60,60
DEBUG:root:339,50,0,59,60
DEBUG:root:538,52,0,-59,60
DEBUG:root:603,52,0,-60,60
DEBUG:root:612,57,0,-60,60
DEBUG:root:631,67,0,-60,60
DEBUG:root:630,69,0,-60,60
DEBUG:root:896,405,10,-60,60
DEBUG:root:855,403,19,-60,60
DEBUG:root:835,405,21,-59,60
DEBUG:root:579,72,0,-60,60
DEBUG:root:840,413,18,-59,60
DEBUG:root:797,419,21,-59,60
DEBUG:root:511,85,0,-59,60
DEBUG:root:694,437,18,-59,59
DEBUG:root:448,92,0,33,60
DEBUG:root:583,446,19,-40,-55
DEBUG:root:376,105,0,59,60
DEBUG:root:483,461,14,59,-56
DEBUG:root:283,122,0,60,59
DEBUG:root:391,463,12,60,-59
DEBUG:root:233,128,0,60,59
DEBUG:root:304,478,12,60,-59
DEBUG:root:211,132,0,60,59
DEBUG:root:271,491,13,60,-59
DEBUG:root:226,496,14,60,-59
DEBUG:root:156,142,0,60,60
DEBUG:root:154,499,18,60,-59
DEBUG:root:115,144,0,60,60
DEBUG:root:143,498,19,60,-59
DEBUG:root:135,141,0,60,60
DEBUG:root:151,495,17,60,-59
DEBUG:root:170,142,0,60,60
DEBUG:root:206,495,19,60,-59
DEBUG:root:224,148,0,60,59
DEBUG:root:284,500,17,60,-59
DEBUG:root:286,151,0,60,59
DEBUG:root:385,502,16,60,-59
DEBUG:root:353,152,0,59,59
DEBUG:root:416,510,14,60,-59
DEBUG:root:354,150,0,59,59
DEBUG:root:489,497,17,60,-59
DEBUG:root:418,146,0,59,60
DEBUG:root:563,485,21,53,-57
DEBUG:root:509,134,0,-58,60
DEBUG:root:594,479,21,-37,-57
DEBUG:root:563,125,0,-59,60
DEBUG:root:594,480,19,-37,-57
DEBUG:root:565,122,0,-59,60
DEBUG:root:632,476,21,-54,-57
DEBUG:root:845,114,0,-60,60
DEBUG:root:604,121,0,-59,60
DEBUG:root:749,465,21,-59,59
DEBUG:root:678,105,0,-60,60
DEBUG:root:825,463,21,-59,60
DEBUG:root:758,95,0,-60,60
DEBUG:root:843,457,17,-59,60
DEBUG:root:768,87,1,-60,60
DEBUG:root:839,458,18,-59,60
DEBUG:root:770,85,1,-60,60
DEBUG:root:806,452,23,-59,60
DEBUG:root:766,76,1,-60,60
DEBUG:root:781,448,27,-59,60
DEBUG:root:723,77,0,-60,60
DEBUG:root:729,448,26,-59,60
DEBUG:root:686,78,0,-60,60
DEBUG:root:670,460,26,-58,-56
DEBUG:root:617,89,1,-60,60
DEBUG:root:897,87,0,-60,60
DEBUG:root:621,473,24,-51,-57
DEBUG:root:540,105,0,-59,60
DEBUG:root:680,475,25,-59,-57
DEBUG:root:524,114,0,-59,60
DEBUG:root:730,493,24,-59,-58
DEBUG:root:768,114,0,-60,60
DEBUG:root:492,122,1,-52,60
DEBUG:root:783,499,22,-59,-50
DEBUG:root:438,125,1,59,60
DEBUG:root:713,123,0,-60,60
DEBUG:root:414,127,1,59,60
DEBUG:root:839,514,14,-59,60
DEBUG:root:358,127,1,59,60
DEBUG:root:862,513,11,-59,60
DEBUG:root:280,123,1,60,59
DEBUG:root:210,110,1,60,59
DEBUG:root:177,95,1,60,59
DEBUG:root:154,89,1,60,59
DEBUG:root:192,92,1,60,59
DEBUG:root:483,95,0,-59,60
DEBUG:root:271,106,1,60,59
DEBUG:root:561,108,0,-59,60
DEBUG:root:318,122,0,60,59
DEBUG:root:317,127,1,60,59
DEBUG:root:612,125,0,-59,60
DEBUG:root:341,130,1,59,59
DEBUG:root:640,128,0,-60,60
DEBUG:root:674,131,1,-60,60
DEBUG:root:409,149,1,59,60
DEBUG:root:715,146,1,-60,60
DEBUG:root:447,161,1,59,60
DEBUG:root:762,160,0,-60,60
DEBUG:root:770,163,0,-60,60
DEBUG:root:916,576,3,-59,21
DEBUG:root:828,603,7,-59,-59
DEBUG:root:491,179,1,59,60
DEBUG:root:823,181,0,-60,60
DEBUG:root:714,593,9,-57,-59
DEBUG:root:881,185,1,-60,60
DEBUG:root:539,197,1,-1,60
DEBUG:root:559,612,6,60,-59
DEBUG:root:531,204,1,52,60
DEBUG:root:492,623,5,60,-60
DEBUG:root:545,218,1,48,60
DEBUG:root:908,220,1,-60,60
DEBUG:root:559,235,1,49,60
DEBUG:root:927,234,1,-60,60
DEBUG:root:489,633,4,60,-60
DEBUG:root:545,238,1,59,60
DEBUG:root:913,234,1,-60,60
DEBUG:root:468,632,4,60,-60
DEBUG:root:425,623,6,60,-60
DEBUG:root:391,613,8,60,-60
DEBUG:root:456,234,1,59,60
DEBUG:root:834,234,1,-60,60
DEBUG:root:451,612,8,60,-60
DEBUG:root:487,218,1,59,60
DEBUG:root:873,217,1,-60,60
DEBUG:root:489,588,12,60,-59
DEBUG:root:522,201,1,57,60
DEBUG:root:927,201,1,-60,60
DEBUG:root:524,590,11,60,-59
DEBUG:root:558,197,1,-57,60
DEBUG:root:604,620,6,60,-59
DEBUG:root:655,216,2,-59,60
DEBUG:root:608,621,5,60,-59
DEBUG:root:657,217,2,-59,60
DEBUG:root:646,624,5,59,-59
DEBUG:root:723,220,2,-60,60
DEBUG:root:761,214,2,-60,60
DEBUG:root:755,631,8,-59,-59
DEBUG:root:761,632,7,-59,-59
DEBUG:root:821,633,5,-59,-59
DEBUG:root:873,626,4,-59,-59
DEBUG:root:690,621,11,19,-59
DEBUG:root:491,605,13,60,-59
DEBUG:root:396,355,44,59,-37
DEBUG:root:458,349,57,36,-26
DEBUG:root:404,358,75,59,-37
DEBUG:root:348,363,69,59,-47
DEBUG:root:636,364,67,32,60
DEBUG:root:141,534,16,60,-60
DEBUG:root:671,365,70,-56,60
DEBUG:root:166,525,19,60,-59
DEBUG:root:748,377,44,-59,60
DEBUG:root:197,512,22,60,-59
DEBUG:root:567,363,78,59,59
DEBUG:root:277,495,26,60,-59
DEBUG:root:379,353,70,59,-41
DEBUG:root:318,360,66,60,-58
DEBUG:root:325,363,64,60,-58
DEBUG:root:208,501,22,60,-59
DEBUG:root:412,367,40,59,-40
DEBUG:root:232,518,22,60,-59
DEBUG:root:404,366,79,59,-41
DEBUG:root:677,405,57,-51,60
DEBUG:root:247,549,16,60,-59
DEBUG:root:644,360,68,0,60
DEBUG:root:268,553,9,60,-59
DEBUG:root:476,357,79,24,-30
DEBUG:root:475,347,87,46,-10
DEBUG:root:554,353,81,59,59
DEBUG:root:480,347,82,48,-4
DEBUG:root:486,355,58,17,-27
DEBUG:root:473,383,43,56,-41
DEBUG:root:475,417,42,59,-48
DEBUG:root:473,421,44,59,-50
DEBUG:root:561,496,30,59,-58
DEBUG:root:535,515,26,59,-58
DEBUG:root:431,515,25,60,-59
DEBUG:root:345,524,20,60,-59
DEBUG:root:99,529,10,60,-60
DEBUG:root:62,536,6,60,-60
DEBUG:root:85,517,10,60,-60
DEBUG:root:78,516,9,60,-60
DEBUG:root:177,445,27,60,-52
DEBUG:root:345,443,29,60,-59
DEBUG:root:385,443,28,60,-59
DEBUG:root:348,449,27,60,-59
DEBUG:root:241,437,32,60,-59
DEBUG:root:191,427,33,60,-54
DEBUG:root:156,424,27,60,-55
DEBUG:root:164,426,29,60,-48
DEBUG:root:116,416,22,60,-59
DEBUG:root:99,413,18,60,-59
DEBUG:root:77,388,14,60,-59
DEBUG:root:97,389,19,60,-59
DEBUG:root:95,384,18,60,-59
DEBUG:root:48,384,8,60,-59
DEBUG:root:46,363,8,60,-59
DEBUG:root:62,349,12,60,-59
DEBUG:root:63,351,11,60,-59
DEBUG:root:61,334,10,60,-59
DEBUG:root:126,363,26,60,6
DEBUG:root:247,352,40,60,-58
DEBUG:root:321,354,42,59,-55
DEBUG:root:312,353,39,60,-58
DEBUG:root:327,353,32,59,-52
DEBUG:root:299,361,35,60,-59
DEBUG:root:300,362,34,60,-59
DEBUG:root:324,353,30,59,-53
DEBUG:root:383,361,28,59,-44
DEBUG:root:493,354,28,30,-18
DEBUG:root:595,355,27,59,60
DEBUG:root:606,350,23,58,60
DEBUG:root:621,348,20,51,60
DEBUG:root:675,338,21,-59,60
DEBUG:root:685,326,18,-59,60
DEBUG:root:715,309,20,-59,60
DEBUG:root:785,303,25,-60,60
DEBUG:root:836,314,23,-60,60
DEBUG:root:859,331,20,-60,60
DEBUG:root:799,340,21,-60,60
DEBUG:root:718,347,23,-59,60
DEBUG:root:642,350,26,-4,60
DEBUG:root:565,375,22,-25,-26
DEBUG:root:423,369,24,59,-38
DEBUG:root:353,385,22,60,-57
DEBUG:root:176,402,19,60,-22
DEBUG:root:127,409,24,60,-59
DEBUG:root:103,384,17,60,-59
DEBUG:root:29,387,4,60,-59
DEBUG:root:65,346,10,60,-59
DEBUG:root:103,332,14,60,22
DEBUG:root:80,343,12,60,-58
DEBUG:root:61,346,9,60,-59
DEBUG:root:138,330,15,60,59
DEBUG:root:173,331,13,60,48
DEBUG:root:215,334,14,60,-30
DEBUG:root:225,345,13,60,-49
DEBUG:root:268,344,13,60,-59
DEBUG:root:271,337,18,60,-59
DEBUG:root:350,346,18,59,-30
DEBUG:root:376,352,14,59,-41
DEBUG:root:497,369,20,8,-36
DEBUG:root:564,365,22,53,57
DEBUG:root:566,365,19,56,59
DEBUG:root:609,352,19,58,60
DEBUG:root:616,346,18,55,60
DEBUG:root:617,352,17,55,60
DEBUG:root:646,363,18,-5,60
DEBUG:root:679,383,19,-57,60
DEBUG:root:680,385,20,-57,60
DEBUG:root:711,377,21,-59,60
DEBUG:root:747,383,21,-59,60
DEBUG:root:783,400,19,-59,60
DEBUG:root:784,403,19,-59,60
DEBUG:root:791,409,24,-59,60
DEBUG:root:753,416,26,-59,60
DEBUG:root:711,441,24,-59,60
DEBUG:root:652,445,24,-58,-54
DEBUG:root:571,440,18,-33,-54
DEBUG:root:471,448,19,59,-55
DEBUG:root:433,442,14,59,-52
DEBUG:root:229,463,14,60,-59
DEBUG:root:199,459,14,60,-59
DEBUG:root:153,458,11,60,-59
DEBUG:root:140,458,8,60,-59
DEBUG:root:155,474,7,60,-59
DEBUG:root:194,445,11,60,-57
DEBUG:root:248,436,11,60,-59
DEBUG:root:449,370,9,59,-34
DEBUG:root:435,354,9,59,-25
DEBUG:root:437,336,8,56,-5
DEBUG:root:487,328,7,59,59
DEBUG:root:519,313,7,59,60
DEBUG:root:522,330,7,59,60
DEBUG:root:640,312,5,-36,60
DEBUG:root:744,296,7,-59,60
DEBUG:root:915,257,3,-60,60
DEBUG:root:875,352,7,-60,60
DEBUG:root:798,366,6,-59,60
DEBUG:root:728,368,10,-59,60
DEBUG:root:707,362,8,-59,60
DEBUG:root:631,366,9,45,60
DEBUG:root:508,354,8,42,5
DEBUG:root:321,363,8,60,-59
DEBUG:root:264,372,7,60,-59
DEBUG:root:260,382,7,60,-59
DEBUG:root:210,390,7,60,-54
DEBUG:root:223,392,7,60,-57
DEBUG:root:302,400,7,60,-59
DEBUG:root:338,381,7,60,-59
DEBUG:root:393,371,8,59,-46
DEBUG:root:484,364,7,20,-34
DEBUG:root:542,355,8,54,51
DEBUG:root:558,347,8,59,60
DEBUG:root:596,345,11,59,60
DEBUG:root:634,348,9,23,60
DEBUG:root:622,344,10,48,60
DEBUG:root:583,351,8,59,60
DEBUG:root:584,366,10,59,60
DEBUG:root:501,311,6,59,60
DEBUG:root:489,318,5,59,59
DEBUG:root:415,328,6,59,6
DEBUG:root:419,349,6,59,-25
DEBUG:root:400,362,6,59,-40
DEBUG:root:378,364,5,59,-42
DEBUG:root:226,112,0,60,59
DEBUG:root:356,424,9,60,-59
DEBUG:root:393,445,10,60,-59
DEBUG:root:393,457,11,60,-59
DEBUG:root:457,445,12,59,-55
DEBUG:root:215,112,0,60,59
DEBUG:root:528,446,13,55,-55
DEBUG:root:23,92,0,60,60
DEBUG:root:289,109,0,60,59
DEBUG:root:705,425,9,-59,60
DEBUG:root:354,108,0,59,60
DEBUG:root:893,477,9,-60,60
DEBUG:root:116,89,1,60,60
DEBUG:root:454,94,0,11,60
DEBUG:root:190,85,1,60,59
DEBUG:root:508,105,0,-59,60
DEBUG:root:722,111,0,-60,60
DEBUG:root:272,106,1,60,59
DEBUG:root:583,111,0,-59,60
DEBUG:root:303,111,0,60,59
DEBUG:root:636,124,0,-60,60
DEBUG:root:871,129,0,-60,60
DEBUG:root:363,133,1,59,60
DEBUG:root:684,143,1,-60,60
DEBUG:root:927,146,0,-60,60
DEBUG:root:695,148,1,-60,60
DEBUG:root:936,147,0,-60,60
DEBUG:root:354,162,1,60,59
DEBUG:root:687,161,1,-60,60
DEBUG:root:932,161,0,-60,60
DEBUG:root:345,161,1,60,59
DEBUG:root:686,166,1,-60,60
DEBUG:root:933,164,0,-60,60
DEBUG:root:878,540,8,-59,60
DEBUG:root:819,546,13,-59,-59
DEBUG:root:705,181,1,-60,60
DEBUG:root:720,575,19,-58,-59
DEBUG:root:448,202,1,59,60
DEBUG:root:716,589,17,-58,-59
DEBUG:root:449,218,2,59,60
DEBUG:root:705,596,14,-57,-59
DEBUG:root:820,223,1,-60,60
DEBUG:root:435,237,2,59,60
DEBUG:root:839,238,1,-60,60
DEBUG:root:447,256,2,59,60
DEBUG:root:713,630,4,-53,-59
DEBUG:root:486,291,2,59,60
DEBUG:root:430,294,2,59,59
DEBUG:root:791,407,21,-59,60
DEBUG:root:305,611,13,60,-60
DEBUG:root:81,606,5,60,-60
DEBUG:root:831,241,7,-60,60
DEBUG:root:651,231,6,-59,60
DEBUG:root:531,204,6,52,60
DEBUG:root:539,199,6,8,60
DEBUG:root:541,197,6,-13,60
DEBUG:root:388,226,8,59,59
DEBUG:root:374,290,10,59,59
DEBUG:root:358,333,10,59,-35
DEBUG:root:358,348,9,59,-34
DEBUG:root:349,421,14,60,-59
DEBUG:root:338,510,19,60,-59
DEBUG:root:343,524,16,60,-59
DEBUG:root:374,567,12,60,-59
DEBUG:root:413,601,11,60,-60
DEBUG:root:307,619,14,60,-60
DEBUG:root:270,601,17,60,-59
DEBUG:root:476,368,96,29,-36
DEBUG:root:476,350,111,35,-20
DEBUG:root:525,358,112,38,13
DEBUG:root:518,357,98,37,4
DEBUG:root:414,370,77,59,-41
DEBUG:root:413,365,78,59,-38
DEBUG:root:403,353,81,59,-34
DEBUG:root:161,362,31,60,45
DEBUG:root:450,357,44,56,-29
DEBUG:root:728,367,47,-59,60
DEBUG:root:192,39,0,60,59
DEBUG:root:218,39,0,60,59
DEBUG:root:225,40,0,60,59
DEBUG:root:206,42,0,60,59
DEBUG:root:266,55,0,60,59
DEBUG:root:717,362,51,-59,60
DEBUG:root:302,68,0,59,59
DEBUG:root:605,354,76,59,60
DEBUG:root:538,350,86,58,58
DEBUG:root:492,345,95,55,34
DEBUG:root:526,358,89,39,15
DEBUG:root:468,356,102,31,-30
DEBUG:root:467,362,90,34,-33
DEBUG:root:781,406,31,-59,60
DEBUG:root:549,355,79,58,59
DEBUG:root:652,345,67,-41,60
DEBUG:root:649,347,63,-32,60
DEBUG:root:790,495,21,-59,59
DEBUG:root:570,357,54,59,60
DEBUG:root:790,518,20,-59,-57
DEBUG:root:550,344,54,59,60
DEBUG:root:544,351,55,59,59
DEBUG:root:524,375,51,-18,-38
DEBUG:root:468,450,26,59,-56
DEBUG:root:469,488,21,60,-59
DEBUG:root:484,498,20,60,-59
DEBUG:root:545,500,18,59,-58
DEBUG:root:560,512,18,59,-58
DEBUG:root:534,511,17,59,-58
DEBUG:root:495,511,16,60,-59
DEBUG:root:503,504,13,59,-59
DEBUG:root:562,501,12,59,-58
DEBUG:root:661,495,13,-57,-58
DEBUG:root:740,496,13,-59,-57
DEBUG:root:833,491,14,-59,60
DEBUG:root:852,483,15,-59,60
DEBUG:root:871,477,12,-60,60
DEBUG:root:878,478,10,-60,60
DEBUG:root:860,472,14,-59,60
DEBUG:root:816,465,21,-59,60
DEBUG:root:800,463,23,-59,60
DEBUG:root:928,124,0,-60,60
DEBUG:root:755,473,22,-59,59
DEBUG:root:745,475,22,-59,-25
DEBUG:root:843,133,0,-60,60
DEBUG:root:709,476,19,-59,-57
DEBUG:root:643,490,22,-55,-58
DEBUG:root:597,497,18,-34,-58
DEBUG:root:595,501,16,-31,-58
DEBUG:root:651,167,0,-60,60
DEBUG:root:608,503,16,-39,-58
DEBUG:root:638,168,0,-59,60
DEBUG:root:575,502,16,56,-58
DEBUG:root:580,169,0,-59,60
DEBUG:root:560,500,16,59,-58
DEBUG:root:564,169,0,-59,60
DEBUG:root:520,167,0,-34,60
DEBUG:root:527,502,13,59,-58
DEBUG:root:503,494,13,59,-58
DEBUG:root:509,491,18,59,-58
DEBUG:root:482,152,0,56,60
DEBUG:root:499,488,18,59,-58
DEBUG:root:463,146,0,59,60
DEBUG:root:522,483,17,59,-57
DEBUG:root:565,477,20,23,-57
DEBUG:root:522,132,0,-59,60
DEBUG:root:583,478,20,-29,-57
DEBUG:root:616,473,21,-50,-57
DEBUG:root:567,130,0,-59,60
DEBUG:root:690,464,21,-59,-56
DEBUG:root:613,128,0,-59,60
DEBUG:root:815,463,21,-59,60
DEBUG:root:732,108,0,-60,60
DEBUG:root:926,106,0,-60,60
DEBUG:root:870,464,11,-60,60
DEBUG:root:880,404,11,-60,60
DEBUG:root:748,90,0,-60,60
DEBUG:root:907,479,7,-60,60
DEBUG:root:687,88,0,-60,60
DEBUG:root:894,461,9,-60,60
DEBUG:root:639,85,0,-60,60
DEBUG:root:912,461,7,-60,60
DEBUG:root:629,86,0,-60,60
DEBUG:root:526,93,0,-59,60
DEBUG:root:933,442,4,-60,60
DEBUG:root:488,104,0,-58,60
DEBUG:root:439,110,0,59,60
DEBUG:root:356,122,0,59,60
DEBUG:root:309,123,0,60,59
DEBUG:root:254,133,0,60,59
DEBUG:root:208,144,0,60,59
DEBUG:root:265,159,0,60,59
DEBUG:root:335,168,0,60,59
DEBUG:root:397,179,0,59,59
DEBUG:root:436,185,0,59,60
DEBUG:root:659,182,0,-60,60
DEBUG:root:475,195,0,59,60
DEBUG:root:483,196,1,59,60
DEBUG:root:548,206,1,-9,60
DEBUG:root:911,622,2,-59,-59
DEBUG:root:863,593,6,-59,-59
DEBUG:root:563,214,1,-44,60
DEBUG:root:635,218,1,-59,60
DEBUG:root:898,218,0,-60,60
DEBUG:root:844,605,5,-59,-59
DEBUG:root:821,599,5,-59,-59
DEBUG:root:917,222,0,-60,60
DEBUG:root:801,595,6,-59,-59
DEBUG:root:919,222,0,-60,60
DEBUG:root:652,232,1,-59,60
DEBUG:root:785,594,8,-59,-59
DEBUG:root:688,240,1,-59,60
DEBUG:root:781,598,10,-59,-59
DEBUG:root:692,244,1,-59,60
DEBUG:root:781,596,10,-59,-59
DEBUG:root:731,600,10,-58,-59
DEBUG:root:682,596,10,-51,-59
DEBUG:root:555,243,1,58,60
DEBUG:root:604,593,11,60,-59
DEBUG:root:487,240,1,59,60
DEBUG:root:760,237,0,-60,60
DEBUG:root:575,593,10,60,-59
DEBUG:root:743,224,0,-60,60
DEBUG:root:465,237,1,59,60
DEBUG:root:541,593,10,60,-59
DEBUG:root:722,219,0,-60,60
DEBUG:root:437,236,1,59,60
DEBUG:root:466,586,11,60,-59
DEBUG:root:654,218,0,-59,60
DEBUG:root:374,233,1,60,59
DEBUG:root:454,575,13,60,-59
DEBUG:root:448,573,14,60,-59
DEBUG:root:337,202,1,60,59
DEBUG:root:634,197,0,-59,60
DEBUG:root:460,575,12,60,-59
DEBUG:root:672,187,0,-60,60
DEBUG:root:373,198,1,60,59
DEBUG:root:601,571,16,59,-59
DEBUG:root:505,181,1,57,60
DEBUG:root:833,182,1,-60,60
DEBUG:root:637,566,17,45,-59
DEBUG:root:541,165,1,-59,60
DEBUG:root:877,165,1,-60,60
DEBUG:root:724,568,18,-59,-59
DEBUG:root:631,145,1,-60,60
DEBUG:root:764,554,18,-59,-59
DEBUG:root:688,124,2,-60,60
DEBUG:root:800,558,13,-59,-59
DEBUG:root:763,107,2,-60,60
DEBUG:root:824,535,12,-59,-58
DEBUG:root:800,88,3,-60,60
DEBUG:root:876,87,3,-60,60
DEBUG:root:858,535,10,-59,59
DEBUG:root:911,72,1,-60,60
DEBUG:root:748,484,28,-59,-55
DEBUG:root:640,481,40,-55,-57
DEBUG:root:500,480,39,59,-57
DEBUG:root:387,485,39,60,-59
DEBUG:root:300,487,39,60,-59
DEBUG:root:215,496,27,60,-59
DEBUG:root:241,488,31,60,-59
DEBUG:root:552,441,45,-16,-54
DEBUG:root:675,441,41,-59,-52
DEBUG:root:691,432,39,-58,59
DEBUG:root:742,422,40,-59,60
DEBUG:root:743,411,36,-59,60
DEBUG:root:767,417,33,-59,60
DEBUG:root:802,409,27,-59,60
DEBUG:root:805,407,27,-59,60
DEBUG:root:806,404,26,-59,60
DEBUG:root:801,402,26,-59,60
DEBUG:root:779,419,29,-59,60
DEBUG:root:784,427,25,-59,60
DEBUG:root:796,446,26,-59,60
DEBUG:root:797,457,26,-59,60
DEBUG:root:748,462,29,-59,60
DEBUG:root:755,478,27,-59,55
DEBUG:root:758,483,25,-59,-31
DEBUG:root:792,493,22,-59,59
DEBUG:root:783,498,21,-59,-29
DEBUG:root:788,511,18,-59,-57
DEBUG:root:783,511,17,-59,-57
DEBUG:root:658,502,17,-56,-58
DEBUG:root:636,510,14,-51,-58
DEBUG:root:635,511,13,-50,-58
DEBUG:root:602,502,15,-36,-58
DEBUG:root:546,503,14,59,-58
DEBUG:root:521,501,13,59,-58
DEBUG:root:484,494,13,60,-59
DEBUG:root:439,486,16,60,-59
DEBUG:root:359,478,16,60,-59
DEBUG:root:339,464,18,60,-59
DEBUG:root:390,464,20,60,-59
DEBUG:root:484,461,20,59,-56
DEBUG:root:509,457,22,59,-55
DEBUG:root:644,440,21,-57,-54
DEBUG:root:711,438,23,-59,60
DEBUG:root:741,426,25,-59,60
DEBUG:root:732,423,25,-59,60
DEBUG:root:797,419,25,-59,60
DEBUG:root:829,403,24,-59,60
DEBUG:root:816,406,27,-59,60
DEBUG:root:803,405,26,-59,60
DEBUG:root:797,414,26,-59,60
DEBUG:root:721,409,24,-59,60
DEBUG:root:682,418,17,-52,60
DEBUG:root:597,415,16,-52,-50
DEBUG:root:510,425,17,55,-52
DEBUG:root:493,428,16,59,-51
DEBUG:root:433,436,16,59,-52
DEBUG:root:391,426,13,60,-59
DEBUG:root:302,441,13,60,-59
DEBUG:root:283,438,13,60,-59
DEBUG:root:300,436,12,60,-59
DEBUG:root:325,436,13,60,-59
DEBUG:root:338,435,13,60,-59
DEBUG:root:382,428,14,60,-59
DEBUG:root:419,426,14,59,-50
DEBUG:root:466,421,13,59,-51
DEBUG:root:508,418,13,48,-51
DEBUG:root:508,419,12,50,-51
DEBUG:root:570,418,18,-40,-51
DEBUG:root:648,417,17,-58,-39
DEBUG:root:679,416,17,-50,60
DEBUG:root:710,415,17,-59,60
DEBUG:root:759,416,18,-59,60
DEBUG:root:781,411,17,-59,60
DEBUG:root:788,403,17,-59,60
DEBUG:root:789,381,18,-59,60
DEBUG:root:728,374,18,-59,60
DEBUG:root:681,385,17,-57,60
DEBUG:root:598,401,13,-54,-46
DEBUG:root:521,403,13,0,-48
DEBUG:root:437,408,13,59,-51
DEBUG:root:420,408,13,59,-51
DEBUG:root:356,437,13,60,-59
DEBUG:root:937,107,0,-60,60
DEBUG:root:358,443,12,60,-59
DEBUG:root:335,445,12,60,-59
DEBUG:root:342,430,14,60,-59
DEBUG:root:381,428,13,60,-59
DEBUG:root:392,423,11,60,-59
DEBUG:root:438,406,12,59,-50
DEBUG:root:439,410,12,59,-51
DEBUG:root:521,409,11,2,-49
DEBUG:root:548,400,12,-30,-46
DEBUG:root:618,399,12,-50,-34
DEBUG:root:633,390,11,51,60
DEBUG:root:708,390,11,-59,60
DEBUG:root:726,383,11,-59,60
DEBUG:root:732,373,13,-59,60
DEBUG:root:712,370,16,-59,60
DEBUG:root:671,368,17,-55,60
DEBUG:root:657,380,14,-26,60
DEBUG:root:615,382,11,58,60
DEBUG:root:526,390,12,-13,-44
DEBUG:root:467,399,12,59,-44
DEBUG:root:413,407,12,59,-50
DEBUG:root:318,426,11,60,-59
DEBUG:root:284,439,13,60,-59
DEBUG:root:252,440,14,60,-59
DEBUG:root:245,457,16,60,-59
DEBUG:root:300,447,17,60,-59
DEBUG:root:344,450,18,60,-59
DEBUG:root:414,441,18,60,-58
DEBUG:root:488,439,19,59,-52
DEBUG:root:453,425,19,59,-53
DEBUG:root:437,313,10,59,59
DEBUG:root:449,315,7,59,59
DEBUG:root:449,328,7,59,50
DEBUG:root:418,315,6,59,56
DEBUG:root:310,382,17,60,-59
DEBUG:root:342,390,17,60,-59
DEBUG:root:344,401,11,60,-59
DEBUG:root:362,406,11,60,-59
DEBUG:root:380,425,13,60,-59
DEBUG:root:388,428,19,60,-59
DEBUG:root:393,429,20,60,-59
DEBUG:root:399,417,17,59,-52
DEBUG:root:415,404,12,59,-50
DEBUG:root:447,279,6,59,60
DEBUG:root:469,274,5,59,60
DEBUG:root:472,240,5,59,60
DEBUG:root:488,259,8,59,60
DEBUG:root:500,256,7,59,60
DEBUG:root:493,259,7,59,60
DEBUG:root:490,256,6,59,60
DEBUG:root:491,277,7,59,60
DEBUG:root:502,314,8,59,60
DEBUG:root:502,346,7,56,43
DEBUG:root:471,365,12,32,-34
DEBUG:root:491,387,12,23,-43
DEBUG:root:465,407,10,59,-46
DEBUG:root:438,426,13,59,-54
DEBUG:root:468,449,17,59,-56
DEBUG:root:453,456,14,59,-55
DEBUG:root:409,458,12,60,-59
DEBUG:root:409,456,13,60,-59
DEBUG:root:429,455,11,60,-59
DEBUG:root:472,453,13,59,-56
DEBUG:root:469,447,13,59,-55
DEBUG:root:536,451,16,49,-55
DEBUG:root:571,442,16,-33,-54
DEBUG:root:650,437,16,-58,-53
DEBUG:root:655,421,14,-58,-34
DEBUG:root:669,419,11,-44,59
DEBUG:root:724,425,13,-59,60
DEBUG:root:747,391,14,-59,60
DEBUG:root:753,356,14,-59,60
DEBUG:root:697,347,12,-59,60
DEBUG:root:623,335,8,42,60
DEBUG:root:578,315,7,59,60
DEBUG:root:520,316,6,59,60
DEBUG:root:471,326,7,59,58
DEBUG:root:402,335,6,59,-20
DEBUG:root:393,335,5,59,-24
DEBUG:root:384,352,6,59,-39
DEBUG:root:426,345,6,59,-20
DEBUG:root:467,350,6,30,-26
DEBUG:root:465,350,6,31,-26
DEBUG:root:546,365,7,21,6
DEBUG:root:598,364,6,59,60
DEBUG:root:695,365,5,-59,60
DEBUG:root:705,367,6,-59,60
DEBUG:root:746,364,10,-59,60
DEBUG:root:765,356,8,-59,60
DEBUG:root:777,354,6,-59,60
DEBUG:root:818,354,7,-60,60
DEBUG:root:799,373,7,-59,60
DEBUG:root:715,382,8,-59,60
DEBUG:root:704,389,7,-59,60
DEBUG:root:639,400,9,42,60
DEBUG:root:581,420,9,-45,-51
DEBUG:root:562,442,8,-25,-54
DEBUG:root:500,466,10,59,-56
DEBUG:root:501,477,9,59,-57
DEBUG:root:557,491,10,59,-58
DEBUG:root:613,496,9,-44,-58
DEBUG:root:691,500,11,-58,-58
DEBUG:root:802,500,11,-59,59
DEBUG:root:908,496,6,-60,60
DEBUG:root:821,463,10,-59,60
DEBUG:root:677,458,10,-59,-56
DEBUG:root:485,439,12,59,-53
DEBUG:root:377,442,12,60,-59
DEBUG:root:178,455,12,60,-57
DEBUG:root:50,460,7,60,-60
DEBUG:root:60,460,9,60,-60
DEBUG:root:69,460,10,60,-60
DEBUG:root:155,444,10,60,-59
DEBUG:root:196,368,5,60,-27
DEBUG:root:225,352,6,60,-51
DEBUG:root:303,331,4,59,-52
DEBUG:root:390,330,3,59,-21
DEBUG:root:484,330,3,59,58
DEBUG:root:675,404,9,-49,60
DEBUG:root:743,402,10,-59,60
DEBUG:root:835,419,11,-59,60
DEBUG:root:896,422,9,-60,60
DEBUG:root:897,388,7,-60,60
DEBUG:root:766,371,9,-59,60
DEBUG:root:565,367,8,43,43
DEBUG:root:378,365,8,59,-41
DEBUG:root:189,371,9,60,-17
DEBUG:root:42,386,5,60,-59
DEBUG:root:65,496,8,60,-60
DEBUG:root:77,441,10,60,-59
DEBUG:root:212,462,13,60,-59
DEBUG:root:233,464,11,60,-59
DEBUG:root:263,462,10,60,-59
DEBUG:root:339,444,11,60,-59
DEBUG:root:399,442,9,60,-59
DEBUG:root:436,442,7,59,-53
DEBUG:root:526,421,9,2,-52
DEBUG:root:621,418,14,-56,-50
DEBUG:root:686,408,22,-57,60
DEBUG:root:872,315,7,-60,60
DEBUG:root:803,316,8,-60,60
DEBUG:root:619,314,7,37,60
DEBUG:root:429,311,7,59,59
DEBUG:root:250,315,7,60,-52
DEBUG:root:85,328,7,60,-37
DEBUG:root:28,277,2,60,-56
DEBUG:root:119,274,3,60,59
DEBUG:root:668,94,0,-60,60
DEBUG:root:190,259,2,60,57
DEBUG:root:465,257,2,59,60
DEBUG:root:578,331,6,59,60
DEBUG:root:632,333,6,14,60
DEBUG:root:635,332,5,1,60
DEBUG:root:641,332,5,-21,60
DEBUG:root:658,345,5,-50,60
DEBUG:root:696,350,5,-59,60
DEBUG:root:783,369,6,-59,60
DEBUG:root:789,372,5,-59,60
DEBUG:root:803,410,7,-59,60
DEBUG:root:819,426,8,-59,60
DEBUG:root:799,458,11,-59,60
DEBUG:root:784,466,10,-59,60
DEBUG:root:713,473,14,-59,-56
DEBUG:root:614,458,9,-51,-56
DEBUG:root:502,367,3,2,-35
DEBUG:root:468,405,4,59,-45
DEBUG:root:865,185,0,-60,60
DEBUG:root:455,407,4,59,-48
DEBUG:root:417,421,4,59,-50
DEBUG:root:778,187,0,-60,60
DEBUG:root:376,426,6,60,-59
DEBUG:root:752,180,0,-60,60
DEBUG:root:343,427,6,60,-59
DEBUG:root:753,179,0,-60,60
DEBUG:root:344,425,6,60,-59
DEBUG:root:354,424,7,60,-59
DEBUG:root:392,420,9,60,-58
DEBUG:root:768,168,0,-60,60
DEBUG:root:397,428,9,60,-59
DEBUG:root:360,442,8,60,-59
DEBUG:root:696,179,0,-60,60
DEBUG:root:323,481,10,60,-59
DEBUG:root:286,482,13,60,-59
DEBUG:root:288,511,9,60,-59
DEBUG:root:739,184,0,-60,60
DEBUG:root:378,510,11,60,-59
DEBUG:root:378,510,11,60,-59
DEBUG:root:435,511,10,60,-59
DEBUG:root:436,513,9,60,-59
DEBUG:root:446,518,9,60,-59
DEBUG:root:469,518,10,60,-59
DEBUG:root:783,199,0,-60,60
DEBUG:root:454,530,9,60,-59
DEBUG:root:837,201,0,-60,60
DEBUG:root:491,520,10,60,-59
DEBUG:root:527,517,11,59,-59
DEBUG:root:597,515,11,27,-59
DEBUG:root:600,512,12,-9,-59
DEBUG:root:619,512,12,-43,-59
DEBUG:root:542,519,12,59,-58
DEBUG:root:436,516,10,60,-59
DEBUG:root:398,518,9,60,-59
DEBUG:root:326,520,10,60,-59
DEBUG:root:252,519,10,60,-59
DEBUG:root:209,516,11,60,-59
DEBUG:root:152,516,11,60,-59
DEBUG:root:122,491,11,60,-59
DEBUG:root:117,493,11,60,-60
DEBUG:root:77,482,10,60,-60
DEBUG:root:78,475,10,60,-60
DEBUG:root:69,465,11,60,-60
DEBUG:root:31,498,4,60,-60
DEBUG:root:80,425,13,60,-59
DEBUG:root:77,427,12,60,-59
DEBUG:root:80,422,14,60,-59
DEBUG:root:103,424,17,60,-59
DEBUG:root:135,410,23,60,-58
DEBUG:root:176,390,27,60,-9
DEBUG:root:212,381,27,60,-52
DEBUG:root:210,383,28,60,-52
DEBUG:root:228,363,35,60,-55
DEBUG:root:117,366,23,60,-38
DEBUG:root:122,414,24,60,-59
DEBUG:root:128,262,18,60,59
DEBUG:root:138,263,21,60,59
DEBUG:root:118,385,24,60,-57
DEBUG:root:204,359,44,60,-33
DEBUG:root:390,359,49,59,-41
DEBUG:root:618,357,55,55,60
DEBUG:root:620,357,54,54,60
DEBUG:root:554,365,52,29,23
DEBUG:root:402,356,52,59,-36
DEBUG:root:342,357,49,59,-46
DEBUG:root:311,363,50,60,-59
DEBUG:root:315,357,44,60,-58
DEBUG:root:302,362,35,60,-59
DEBUG:root:285,362,27,60,-59
DEBUG:root:324,348,20,59,-51
DEBUG:root:378,365,25,59,-41
DEBUG:root:350,365,24,59,-47
DEBUG:root:303,339,20,59,-55
DEBUG:root:315,312,19,59,-22
DEBUG:root:354,255,13,60,59
DEBUG:root:375,243,12,60,59
DEBUG:root:354,251,13,60,59
DEBUG:root:342,255,12,59,59
DEBUG:root:284,251,13,59,57
DEBUG:root:282,254,17,59,55
DEBUG:root:273,269,19,59,37
DEBUG:root:270,273,18,59,29
DEBUG:root:230,291,22,60,4
DEBUG:root:227,297,20,60,-2
DEBUG:root:158,329,27,60,56
DEBUG:root:125,348,25,60,46
DEBUG:root:116,368,24,60,-45
DEBUG:root:135,366,25,60,32
DEBUG:root:196,364,25,60,-24
DEBUG:root:215,366,29,60,-49
DEBUG:root:214,364,30,60,-48
DEBUG:root:216,365,28,60,-50
DEBUG:root:197,368,31,60,-29
DEBUG:root:206,370,27,60,-43
DEBUG:root:246,379,25,60,-59
DEBUG:root:248,375,24,60,-59
DEBUG:root:268,369,23,60,-59
DEBUG:root:248,348,20,60,-58
DEBUG:root:233,275,12,60,11
DEBUG:root:251,254,10,60,51
DEBUG:root:244,236,9,60,58
DEBUG:root:250,222,8,59,59
DEBUG:root:280,206,9,60,59
DEBUG:root:266,200,10,60,59
DEBUG:root:251,201,9,60,59
DEBUG:root:226,217,9,60,59
DEBUG:root:232,221,11,60,59
DEBUG:root:232,364,20,60,-56
DEBUG:root:210,352,21,60,-36
DEBUG:root:161,370,25,60,40
DEBUG:root:133,378,23,60,-19
DEBUG:root:136,389,21,60,-40
DEBUG:root:191,402,18,60,-45
DEBUG:root:892,85,0,-60,60
DEBUG:root:231,386,18,60,-58
DEBUG:root:246,379,17,60,-59
DEBUG:root:271,373,18,60,-59
DEBUG:root:286,385,18,60,-59
DEBUG:root:284,366,14,60,-59
DEBUG:root:328,367,14,60,-58
DEBUG:root:379,353,13,59,-41
DEBUG:root:491,328,12,59,59
DEBUG:root:503,315,10,59,60
DEBUG:root:549,312,12,59,60
DEBUG:root:584,296,11,59,60
DEBUG:root:639,289,12,-58,60
DEBUG:root:710,288,12,-59,60
DEBUG:root:787,281,13,-60,60
DEBUG:root:780,281,15,-60,60
DEBUG:root:836,305,18,-60,60
DEBUG:root:822,318,15,-60,60
DEBUG:root:803,309,12,-60,60
DEBUG:root:763,319,11,-59,60
DEBUG:root:689,319,11,-59,60
DEBUG:root:632,324,11,4,60
DEBUG:root:583,330,12,59,60
DEBUG:root:492,336,9,59,57
DEBUG:root:466,335,8,58,44
DEBUG:root:410,351,8,59,-30
DEBUG:root:358,363,8,59,-38
DEBUG:root:357,367,8,59,-43
DEBUG:root:379,386,8,59,-41
DEBUG:root:447,408,10,59,-50
DEBUG:root:487,408,9,59,-48
DEBUG:root:526,425,9,4,-52
DEBUG:root:583,428,11,-44,-52
DEBUG:root:634,429,10,-57,-52
DEBUG:root:640,425,11,-58,-51
DEBUG:root:695,428,13,-58,60
DEBUG:root:751,426,15,-59,60
DEBUG:root:759,421,13,-59,60
DEBUG:root:751,418,16,-59,60
DEBUG:root:670,420,14,-46,59
DEBUG:root:654,406,13,13,60
DEBUG:root:584,400,15,-50,-46
DEBUG:root:546,409,17,-24,-49
DEBUG:root:503,422,16,58,-51
DEBUG:root:454,436,17,59,-55
DEBUG:root:384,445,22,60,-59
DEBUG:root:935,94,0,-60,60
DEBUG:root:247,448,27,60,-59
DEBUG:root:209,452,28,60,-59
DEBUG:root:892,104,0,-60,60
DEBUG:root:205,443,24,60,-58
DEBUG:root:892,104,0,-60,60
DEBUG:root:209,450,22,60,-59
DEBUG:root:893,105,0,-60,60
DEBUG:root:230,449,20,60,-59
DEBUG:root:242,448,29,60,-59
DEBUG:root:248,440,23,60,-59
DEBUG:root:306,452,28,60,-59
DEBUG:root:321,411,22,60,-59
DEBUG:root:394,439,33,60,-59
DEBUG:root:395,415,28,59,-54
DEBUG:root:451,422,36,59,-53
DEBUG:root:492,380,31,19,-41
DEBUG:root:609,389,34,39,59
DEBUG:root:825,303,24,-60,60
DEBUG:root:687,421,49,-55,60
